#! /usr/bin/vvp
:ivl_version "11.0 (stable)";
:ivl_delay_selection "TYPICAL";
:vpi_time_precision + 0;
:vpi_module "/usr/lib/x86_64-linux-gnu/ivl/system.vpi";
:vpi_module "/usr/lib/x86_64-linux-gnu/ivl/vhdl_sys.vpi";
:vpi_module "/usr/lib/x86_64-linux-gnu/ivl/vhdl_textio.vpi";
:vpi_module "/usr/lib/x86_64-linux-gnu/ivl/v2005_math.vpi";
:vpi_module "/usr/lib/x86_64-linux-gnu/ivl/va_math.vpi";
:vpi_module "/usr/lib/x86_64-linux-gnu/ivl/v2009.vpi";
S_0x6193da241d90 .scope package, "$unit" "$unit" 2 1;
 .timescale 0 0;
S_0x6193da241f20 .scope module, "memory" "memory" 3 4;
 .timescale 0 0;
    .port_info 0 /INPUT 1 "clk";
    .port_info 1 /INPUT 1 "rst";
    .port_info 2 /INPUT 1 "mem_req_valid_i";
    .port_info 3 /OUTPUT 1 "mem_req_ready_o";
    .port_info 4 /INPUT 32 "mem_addr_i";
    .port_info 5 /OUTPUT 1 "mem_resp_valid_o";
    .port_info 6 /INPUT 1 "mem_resp_ready_i";
    .port_info 7 /OUTPUT 32 "mem_data_o";
P_0x6193da2748a0 .param/l "IDLE" 0 3 24, C4<00>;
P_0x6193da2748e0 .param/l "MEM_ADDR_WIDTH" 0 3 21, +C4<00000000000000000000000000001010>;
P_0x6193da274920 .param/l "MEM_SIZE" 0 3 20, +C4<00000000000000000000010000000000>;
P_0x6193da274960 .param/l "READ_ACCESS" 0 3 25, C4<01>;
P_0x6193da2749a0 .param/l "RESPOND" 0 3 26, C4<10>;
v0x6193da26dc00_0 .net *"_ivl_2", 31 0, L_0x6193da2a7430;  1 drivers
L_0x7868dbbb7018 .functor BUFT 1, C4<0000000000000000000000>, C4<0>, C4<0>, C4<0>;
v0x6193da2a6260_0 .net *"_ivl_5", 21 0, L_0x7868dbbb7018;  1 drivers
L_0x7868dbbb7060 .functor BUFT 1, C4<00000000000000000000010000000000>, C4<0>, C4<0>, C4<0>;
v0x6193da2a6340_0 .net/2u *"_ivl_6", 31 0, L_0x7868dbbb7060;  1 drivers
v0x6193da2a6400_0 .net "addr_valid", 0 0, L_0x6193da2b7590;  1 drivers
o0x7868dbe5b0d8 .functor BUFZ 1, C4<z>; HiZ drive
v0x6193da2a64c0_0 .net "clk", 0 0, o0x7868dbe5b0d8;  0 drivers
v0x6193da2a65d0_0 .var/i "i", 31 0;
v0x6193da2a66b0 .array "mem", 1023 0, 31 0;
o0x7868dbe5b138 .functor BUFZ 32, C4<zzzzzzzzzzzzzzzzzzzzzzzzzzzzzzzz>; HiZ drive
v0x6193da2a6770_0 .net "mem_addr_i", 31 0, o0x7868dbe5b138;  0 drivers
v0x6193da2a6850_0 .var "mem_addr_reg", 31 0;
v0x6193da2a6930_0 .var "mem_data_o", 31 0;
v0x6193da2a6a10_0 .var "mem_req_ready_o", 0 0;
o0x7868dbe5b1f8 .functor BUFZ 1, C4<z>; HiZ drive
v0x6193da2a6ad0_0 .net "mem_req_valid_i", 0 0, o0x7868dbe5b1f8;  0 drivers
o0x7868dbe5b228 .functor BUFZ 1, C4<z>; HiZ drive
v0x6193da2a6b90_0 .net "mem_resp_ready_i", 0 0, o0x7868dbe5b228;  0 drivers
v0x6193da2a6c50_0 .var "mem_resp_valid_o", 0 0;
v0x6193da2a6d10_0 .var "next_state", 1 0;
v0x6193da2a6df0_0 .var "read_data_reg", 31 0;
o0x7868dbe5b2e8 .functor BUFZ 1, C4<z>; HiZ drive
v0x6193da2a6ed0_0 .net "rst", 0 0, o0x7868dbe5b2e8;  0 drivers
v0x6193da2a70a0_0 .var "state", 1 0;
v0x6193da2a7180_0 .net "word_index", 9 0, L_0x6193da2a7360;  1 drivers
E_0x6193da27cee0 .event posedge, v0x6193da2a64c0_0;
E_0x6193da27de60 .event edge, v0x6193da2a70a0_0, v0x6193da2a6ad0_0, v0x6193da2a6b90_0;
L_0x6193da2a7360 .part v0x6193da2a6850_0, 2, 10;
L_0x6193da2a7430 .concat [ 10 22 0 0], L_0x6193da2a7360, L_0x7868dbbb7018;
L_0x6193da2b7590 .cmp/gt 32, L_0x7868dbbb7060, L_0x6193da2a7430;
    .scope S_0x6193da241f20;
T_0 ;
    %wait E_0x6193da27de60;
    %load/vec4 v0x6193da2a70a0_0;
    %store/vec4 v0x6193da2a6d10_0, 0, 2;
    %load/vec4 v0x6193da2a70a0_0;
    %dup/vec4;
    %pushi/vec4 0, 0, 2;
    %cmp/u;
    %jmp/1 T_0.0, 6;
    %dup/vec4;
    %pushi/vec4 1, 0, 2;
    %cmp/u;
    %jmp/1 T_0.1, 6;
    %dup/vec4;
    %pushi/vec4 2, 0, 2;
    %cmp/u;
    %jmp/1 T_0.2, 6;
    %pushi/vec4 0, 0, 2;
    %store/vec4 v0x6193da2a6d10_0, 0, 2;
    %jmp T_0.4;
T_0.0 ;
    %load/vec4 v0x6193da2a6ad0_0;
    %flag_set/vec4 8;
    %jmp/0xz  T_0.5, 8;
    %pushi/vec4 1, 0, 2;
    %store/vec4 v0x6193da2a6d10_0, 0, 2;
T_0.5 ;
    %jmp T_0.4;
T_0.1 ;
    %pushi/vec4 2, 0, 2;
    %store/vec4 v0x6193da2a6d10_0, 0, 2;
    %jmp T_0.4;
T_0.2 ;
    %load/vec4 v0x6193da2a6b90_0;
    %flag_set/vec4 8;
    %jmp/0xz  T_0.7, 8;
    %pushi/vec4 0, 0, 2;
    %store/vec4 v0x6193da2a6d10_0, 0, 2;
T_0.7 ;
    %jmp T_0.4;
T_0.4 ;
    %pop/vec4 1;
    %jmp T_0;
    .thread T_0, $push;
    .scope S_0x6193da241f20;
T_1 ;
    %wait E_0x6193da27cee0;
    %load/vec4 v0x6193da2a6ed0_0;
    %flag_set/vec4 8;
    %jmp/0xz  T_1.0, 8;
    %pushi/vec4 0, 0, 2;
    %assign/vec4 v0x6193da2a70a0_0, 0;
    %pushi/vec4 1, 0, 1;
    %assign/vec4 v0x6193da2a6a10_0, 0;
    %pushi/vec4 0, 0, 1;
    %assign/vec4 v0x6193da2a6c50_0, 0;
    %pushi/vec4 0, 0, 32;
    %assign/vec4 v0x6193da2a6930_0, 0;
    %pushi/vec4 0, 0, 32;
    %assign/vec4 v0x6193da2a6850_0, 0;
    %pushi/vec4 0, 0, 32;
    %assign/vec4 v0x6193da2a6df0_0, 0;
    %jmp T_1.1;
T_1.0 ;
    %load/vec4 v0x6193da2a6d10_0;
    %assign/vec4 v0x6193da2a70a0_0, 0;
    %load/vec4 v0x6193da2a70a0_0;
    %dup/vec4;
    %pushi/vec4 0, 0, 2;
    %cmp/u;
    %jmp/1 T_1.2, 6;
    %dup/vec4;
    %pushi/vec4 1, 0, 2;
    %cmp/u;
    %jmp/1 T_1.3, 6;
    %dup/vec4;
    %pushi/vec4 2, 0, 2;
    %cmp/u;
    %jmp/1 T_1.4, 6;
    %pushi/vec4 1, 0, 1;
    %assign/vec4 v0x6193da2a6a10_0, 0;
    %pushi/vec4 0, 0, 1;
    %assign/vec4 v0x6193da2a6c50_0, 0;
    %jmp T_1.6;
T_1.2 ;
    %load/vec4 v0x6193da2a6ad0_0;
    %flag_set/vec4 8;
    %jmp/0xz  T_1.7, 8;
    %load/vec4 v0x6193da2a6770_0;
    %assign/vec4 v0x6193da2a6850_0, 0;
    %pushi/vec4 0, 0, 1;
    %assign/vec4 v0x6193da2a6a10_0, 0;
    %load/vec4 v0x6193da2a6400_0;
    %flag_set/vec4 8;
    %jmp/0xz  T_1.9, 8;
    %load/vec4 v0x6193da2a7180_0;
    %pad/u 12;
    %ix/vec4 4;
    %load/vec4a v0x6193da2a66b0, 4;
    %assign/vec4 v0x6193da2a6df0_0, 0;
    %jmp T_1.10;
T_1.9 ;
    %pushi/vec4 0, 0, 32;
    %assign/vec4 v0x6193da2a6df0_0, 0;
T_1.10 ;
    %jmp T_1.8;
T_1.7 ;
    %pushi/vec4 1, 0, 1;
    %assign/vec4 v0x6193da2a6a10_0, 0;
T_1.8 ;
    %jmp T_1.6;
T_1.3 ;
    %load/vec4 v0x6193da2a6df0_0;
    %assign/vec4 v0x6193da2a6930_0, 0;
    %pushi/vec4 1, 0, 1;
    %assign/vec4 v0x6193da2a6c50_0, 0;
    %jmp T_1.6;
T_1.4 ;
    %load/vec4 v0x6193da2a6b90_0;
    %flag_set/vec4 8;
    %jmp/0xz  T_1.11, 8;
    %pushi/vec4 0, 0, 1;
    %assign/vec4 v0x6193da2a6c50_0, 0;
    %pushi/vec4 1, 0, 1;
    %assign/vec4 v0x6193da2a6a10_0, 0;
T_1.11 ;
    %jmp T_1.6;
T_1.6 ;
    %pop/vec4 1;
T_1.1 ;
    %jmp T_1;
    .thread T_1;
    .scope S_0x6193da241f20;
T_2 ;
    %pushi/vec4 0, 0, 32;
    %store/vec4 v0x6193da2a65d0_0, 0, 32;
T_2.0 ;
    %load/vec4 v0x6193da2a65d0_0;
    %cmpi/s 1024, 0, 32;
    %jmp/0xz T_2.1, 5;
    %pushi/vec4 0, 0, 32;
    %ix/getv/s 4, v0x6193da2a65d0_0;
    %store/vec4a v0x6193da2a66b0, 4, 0;
    %load/vec4 v0x6193da2a65d0_0;
    %addi 1, 0, 32;
    %store/vec4 v0x6193da2a65d0_0, 0, 32;
    %jmp T_2.0;
T_2.1 ;
    %pushi/vec4 8193, 0, 32;
    %ix/load 4, 256, 0;
    %flag_set/imm 4, 0;
    %store/vec4a v0x6193da2a66b0, 4, 0;
    %pushi/vec4 12289, 0, 32;
    %ix/load 4, 257, 0;
    %flag_set/imm 4, 0;
    %store/vec4a v0x6193da2a66b0, 4, 0;
    %pushi/vec4 268435471, 0, 32;
    %ix/load 4, 512, 0;
    %flag_set/imm 4, 0;
    %store/vec4a v0x6193da2a66b0, 4, 0;
    %pushi/vec4 285212687, 0, 32;
    %ix/load 4, 513, 0;
    %flag_set/imm 4, 0;
    %store/vec4a v0x6193da2a66b0, 4, 0;
    %pushi/vec4 536870927, 0, 32;
    %ix/load 4, 768, 0;
    %flag_set/imm 4, 0;
    %store/vec4a v0x6193da2a66b0, 4, 0;
    %pushi/vec4 553648143, 0, 32;
    %ix/load 4, 769, 0;
    %flag_set/imm 4, 0;
    %store/vec4a v0x6193da2a66b0, 4, 0;
    %pushi/vec4 3735928559, 0, 32;
    %ix/load 4, 900, 0;
    %flag_set/imm 4, 0;
    %store/vec4a v0x6193da2a66b0, 4, 0;
    %pushi/vec4 3405691582, 0, 32;
    %ix/load 4, 901, 0;
    %flag_set/imm 4, 0;
    %store/vec4a v0x6193da2a66b0, 4, 0;
    %pushi/vec4 305419896, 0, 32;
    %ix/load 4, 902, 0;
    %flag_set/imm 4, 0;
    %store/vec4a v0x6193da2a66b0, 4, 0;
    %pushi/vec4 2271560481, 0, 32;
    %ix/load 4, 903, 0;
    %flag_set/imm 4, 0;
    %store/vec4a v0x6193da2a66b0, 4, 0;
    %vpi_call/w 3 183 "$display", "Memory initialized with %d words", P_0x6193da274920 {0 0 0};
    %vpi_call/w 3 184 "$display", "Page table structure:" {0 0 0};
    %vpi_call/w 3 185 "$display", "  Root PT at 0x1000 (word %d)", 32'sb00000000000000000000000100000000 {0 0 0};
    %vpi_call/w 3 186 "$display", "  Level2 PT at 0x2000 (word %d)", 32'sb00000000000000000000001000000000 {0 0 0};
    %vpi_call/w 3 187 "$display", "  Level2 PT at 0x3000 (word %d)", 32'sb00000000000000000000001100000000 {0 0 0};
    %end;
    .thread T_2;
    .scope S_0x6193da241f20;
T_3 ;
    %wait E_0x6193da27cee0;
    %load/vec4 v0x6193da2a6ad0_0;
    %load/vec4 v0x6193da2a6a10_0;
    %and;
    %flag_set/vec4 8;
    %jmp/0xz  T_3.0, 8;
    %vpi_call/w 3 194 "$display", "[MEM] Request: addr=0x%08h, word_idx=%d", v0x6193da2a6770_0, &PV<v0x6193da2a6770_0, 2, 10> {0 0 0};
T_3.0 ;
    %load/vec4 v0x6193da2a6c50_0;
    %load/vec4 v0x6193da2a6b90_0;
    %and;
    %flag_set/vec4 8;
    %jmp/0xz  T_3.2, 8;
    %vpi_call/w 3 197 "$display", "[MEM] Response: data=0x%08h", v0x6193da2a6930_0 {0 0 0};
T_3.2 ;
    %jmp T_3;
    .thread T_3;
# The file index is used to find the file name in the following table.
:file_names 4;
    "N/A";
    "<interactive>";
    "-";
    "memory.v";
